<?xml version="1.0" encoding="UTF-8"?>
<!-- Generated by org.testng.reporters.JUnitReportReporter -->
<testsuite skipped="0" hostname="ANAND-PC" name="testcases.Createlead" tests="2" failures="0" timestamp="29 Dec 2018 15:38:12 GMT" time="35.825" errors="0">
  <testcase name="login" time="17.915" classname="testcases.Createlead"/>
  <testcase name="login" time="17.910" classname="testcases.Createlead"/>
</testsuite> <!-- testcases.Createlead -->
