<?xml version="1.0" encoding="UTF-8"?>
<!-- Generated by org.testng.reporters.JUnitReportReporter -->
<testsuite skipped="0" hostname="DESKTOP-8V9ACPV" name="testcases.TC001_LoginAndLogout" tests="2" failures="0" timestamp="22 Dec 2018 10:19:33 GMT" time="18.654" errors="0">
  <testcase name="login" time="9.493" classname="testcases.TC001_LoginAndLogout"/>
  <testcase name="login" time="9.161" classname="testcases.TC001_LoginAndLogout"/>
</testsuite> <!-- testcases.TC001_LoginAndLogout -->
